


ARM Macro Assembler    Page 1 


    1 00000000         ;/**
    2 00000000         ;  *****************************************************
                       *************************
    3 00000000         ;  * @file       startup_ft32f030x8.s 
    4 00000000         ;  * @author     FMD AE
    5 00000000         ;  * @brief      FT32F030X8 devices vector table for MDK
                       -ARM toolchain.    
    6 00000000         ;  * @version    V1.0.0           
    7 00000000         ;  * @data     2021-07-01
    8 00000000         ;  *****************************************************
                       *************************
    9 00000000         ;  */
   10 00000000         
   11 00000000 00001400 
                       Stack_Size
                               EQU              0x00001400
   12 00000000         
   13 00000000                 AREA             STACK, NOINIT, READWRITE, ALIGN
=3
   14 00000000         Stack_Mem
                               SPACE            Stack_Size
   15 00001400         __initial_sp
   16 00001400         
   17 00001400         
   18 00001400         ; <h> Heap Configuration
   19 00001400         ;   <o>  Heap Size (in Bytes) <0x0-0xFFFFFFFF:8>
   20 00001400         ; </h>
   21 00001400         
   22 00001400 00000400 
                       Heap_Size
                               EQU              0x00000400
   23 00001400         
   24 00001400                 AREA             HEAP, NOINIT, READWRITE, ALIGN=
3
   25 00000000         __heap_base
   26 00000000         Heap_Mem
                               SPACE            Heap_Size
   27 00000400         __heap_limit
   28 00000400         
   29 00000400                 PRESERVE8
   30 00000400                 THUMB
   31 00000400         
   32 00000400         
   33 00000400         ; Vector Table Mapped to Address 0 at Reset
   34 00000400                 AREA             RESET, DATA, READONLY
   35 00000000                 EXPORT           __Vectors
   36 00000000                 EXPORT           __Vectors_End
   37 00000000                 EXPORT           __Vectors_Size
   38 00000000         
   39 00000000 00000000 
                       __Vectors
                               DCD              __initial_sp ; Top of Stack
   40 00000004 00000000        DCD              Reset_Handler ; Reset Handler
   41 00000008 00000000        DCD              NMI_Handler ; NMI Handler
   42 0000000C 00000000        DCD              HardFault_Handler ; Hard Fault 
                                                            Handler
   43 00000010 00000000        DCD              0           ; Reserved
   44 00000014 00000000        DCD              0           ; Reserved
   45 00000018 00000000        DCD              0           ; Reserved



ARM Macro Assembler    Page 2 


   46 0000001C 00000000        DCD              0           ; Reserved
   47 00000020 00000000        DCD              0           ; Reserved
   48 00000024 00000000        DCD              0           ; Reserved
   49 00000028 00000000        DCD              0           ; Reserved
   50 0000002C 00000000        DCD              SVC_Handler ; SVCall Handler
   51 00000030 00000000        DCD              0           ; Reserved
   52 00000034 00000000        DCD              0           ; Reserved
   53 00000038 00000000        DCD              PendSV_Handler ; PendSV Handler
                                                            
   54 0000003C 00000000        DCD              SysTick_Handler 
                                                            ; SysTick Handler
   55 00000040         
   56 00000040         ; External Interrupts
   57 00000040 00000000        DCD              WWDG_IRQHandler 
                                                            ; Window Watchdog
   58 00000044 00000000        DCD              PVD_VDDIO_IRQHandler 
                                                            ; PVD_VDDIO 
   59 00000048 00000000        DCD              RTC_IRQHandler ; RTC through EX
                                                            TI Line
   60 0000004C 00000000        DCD              FLASH_IRQHandler ; FLASH
   61 00000050 00000000        DCD              RCC_IRQHandler ; RCC
   62 00000054 00000000        DCD              EXTI0_1_IRQHandler 
                                                            ; EXTI Line 0 and 1
                                                            
   63 00000058 00000000        DCD              EXTI2_3_IRQHandler 
                                                            ; EXTI Line 2 and 3
                                                            
   64 0000005C 00000000        DCD              EXTI4_15_IRQHandler 
                                                            ; EXTI Line 4 to 15
                                                            
   65 00000060 00000000        DCD              0           ; Reserved
   66 00000064 00000000        DCD              DMA1_Channel1_IRQHandler 
                                                            ; DMA1 Channel 1
   67 00000068 00000000        DCD              DMA1_Channel2_3_IRQHandler ; DM
                                                            A1 Channel 2 and Ch
                                                            annel 3
   68 0000006C 00000000        DCD              DMA1_Channel4_5_IRQHandler ; DM
                                                            A1 Channel 4 and Ch
                                                            annel 5
   69 00000070 00000000        DCD              ADC1_IRQHandler ; ADC1 
   70 00000074 00000000        DCD              TIM1_BRK_UP_TRG_COM_IRQHandler 
                                                            ; TIM1 Break, Updat
                                                            e, Trigger and Comm
                                                            utation
   71 00000078 00000000        DCD              TIM1_CC_IRQHandler ; TIM1 Captu
                                                            re Compare
   72 0000007C 00000000        DCD              0           ; Reserved
   73 00000080 00000000        DCD              TIM3_IRQHandler ; TIM3
   74 00000084 00000000        DCD              TIM6_IRQHandler ; TIM6
   75 00000088 00000000        DCD              0           ; Reserved
   76 0000008C 00000000        DCD              TIM14_IRQHandler ; TIM14
   77 00000090 00000000        DCD              TIM15_IRQHandler ; TIM15
   78 00000094 00000000        DCD              TIM16_IRQHandler ; TIM16
   79 00000098 00000000        DCD              TIM17_IRQHandler ; TIM17
   80 0000009C 00000000        DCD              I2C1_IRQHandler ; I2C1
   81 000000A0 00000000        DCD              I2C2_IRQHandler ; I2C2
   82 000000A4 00000000        DCD              SPI1_IRQHandler ; SPI1
   83 000000A8 00000000        DCD              SPI2_IRQHandler ; SPI2
   84 000000AC 00000000        DCD              USART1_IRQHandler ; USART1



ARM Macro Assembler    Page 3 


   85 000000B0 00000000        DCD              USART2_IRQHandler ; USART2
   86 000000B4 00000000        DCD              0           ; Reserved
   87 000000B8 00000000        DCD              0           ; Reserved
   88 000000BC 00000000        DCD              USB_IRQHandler ; USB
   89 000000C0         
   90 000000C0         __Vectors_End
   91 000000C0         
   92 000000C0 000000C0 
                       __Vectors_Size
                               EQU              __Vectors_End - __Vectors
   93 000000C0         
   94 000000C0                 AREA             |.text|, CODE, READONLY
   95 00000000         
   96 00000000         ; Reset handler routine
   97 00000000         Reset_Handler
                               PROC
   98 00000000                 EXPORT           Reset_Handler                 [
WEAK]
   99 00000000                 IMPORT           __main
  100 00000000                 IMPORT           SystemInit
  101 00000000         
  102 00000000         
  103 00000000         
  104 00000000 480F            LDR              R0, =__initial_sp ; set stack p
                                                            ointer 
  105 00000002 F380 8808       MSR              MSP, R0
  106 00000006         
  107 00000006         ;;Check if boot space corresponds to test memory 
  108 00000006         
  109 00000006 480F            LDR              R0,=0x00000004
  110 00000008 6801            LDR              R1, [R0]
  111 0000000A 0E09            LSRS             R1, R1, #24
  112 0000000C 4A0E            LDR              R2,=0x1F
  113 0000000E 4291            CMP              R1, R2
  114 00000010         
  115 00000010 D105            BNE              ApplicationStart
  116 00000012         
  117 00000012         ;; SYSCFG clock enable    
  118 00000012         
  119 00000012 480E            LDR              R0,=0x40021018
  120 00000014 490E            LDR              R1,=0x00000001
  121 00000016 6001            STR              R1, [R0]
  122 00000018         
  123 00000018         ;; Set CFGR1 register with flash memory remap at address
                        0
  124 00000018         
  125 00000018 480E            LDR              R0,=0x40010000
  126 0000001A 490F            LDR              R1,=0x00000000
  127 0000001C 6001            STR              R1, [R0]
  128 0000001E         ApplicationStart
  129 0000001E 480F            LDR              R0, =SystemInit
  130 00000020 4780            BLX              R0
  131 00000022 480F            LDR              R0, =__main
  132 00000024 4700            BX               R0
  133 00000026                 ENDP
  134 00000026         
  135 00000026         ; Dummy Exception Handlers (infinite loops which can be 
                       modified)
  136 00000026         



ARM Macro Assembler    Page 4 


  137 00000026         NMI_Handler
                               PROC
  138 00000026                 EXPORT           NMI_Handler                    
[WEAK]
  139 00000026 E7FE            B                .
  140 00000028                 ENDP
  142 00000028         HardFault_Handler
                               PROC
  143 00000028                 EXPORT           HardFault_Handler              
[WEAK]
  144 00000028 E7FE            B                .
  145 0000002A                 ENDP
  146 0000002A         SVC_Handler
                               PROC
  147 0000002A                 EXPORT           SVC_Handler                    
[WEAK]
  148 0000002A E7FE            B                .
  149 0000002C                 ENDP
  150 0000002C         PendSV_Handler
                               PROC
  151 0000002C                 EXPORT           PendSV_Handler                 
[WEAK]
  152 0000002C E7FE            B                .
  153 0000002E                 ENDP
  154 0000002E         SysTick_Handler
                               PROC
  155 0000002E                 EXPORT           SysTick_Handler                
[WEAK]
  156 0000002E E7FE            B                .
  157 00000030                 ENDP
  158 00000030         
  159 00000030         Default_Handler
                               PROC
  160 00000030         
  161 00000030                 EXPORT           WWDG_IRQHandler                
[WEAK]
  162 00000030                 EXPORT           PVD_VDDIO_IRQHandler           
[WEAK]
  163 00000030                 EXPORT           RTC_IRQHandler                 
[WEAK]
  164 00000030                 EXPORT           FLASH_IRQHandler               
[WEAK]
  165 00000030                 EXPORT           RCC_IRQHandler                 
[WEAK]
  166 00000030                 EXPORT           EXTI0_1_IRQHandler             
[WEAK]
  167 00000030                 EXPORT           EXTI2_3_IRQHandler             
[WEAK]
  168 00000030                 EXPORT           EXTI4_15_IRQHandler            
[WEAK]
  169 00000030                 EXPORT           DMA1_Channel1_IRQHandler       
[WEAK]
  170 00000030                 EXPORT           DMA1_Channel2_3_IRQHandler     
[WEAK]
  171 00000030                 EXPORT           DMA1_Channel4_5_IRQHandler     
[WEAK]
  172 00000030                 EXPORT           ADC1_IRQHandler                
[WEAK]
  173 00000030                 EXPORT           TIM1_BRK_UP_TRG_COM_IRQHandler 



ARM Macro Assembler    Page 5 


[WEAK]
  174 00000030                 EXPORT           TIM1_CC_IRQHandler             
[WEAK]
  175 00000030                 EXPORT           TIM3_IRQHandler                
[WEAK]
  176 00000030                 EXPORT           TIM6_IRQHandler                
[WEAK]
  177 00000030                 EXPORT           TIM14_IRQHandler               
[WEAK]
  178 00000030                 EXPORT           TIM15_IRQHandler               
[WEAK]
  179 00000030                 EXPORT           TIM16_IRQHandler               
[WEAK]
  180 00000030                 EXPORT           TIM17_IRQHandler               
[WEAK]
  181 00000030                 EXPORT           I2C1_IRQHandler                
[WEAK]
  182 00000030                 EXPORT           I2C2_IRQHandler                
[WEAK]
  183 00000030                 EXPORT           SPI1_IRQHandler                
[WEAK]
  184 00000030                 EXPORT           SPI2_IRQHandler                
[WEAK]
  185 00000030                 EXPORT           USART1_IRQHandler              
[WEAK]
  186 00000030                 EXPORT           USART2_IRQHandler              
[WEAK]
  187 00000030                 EXPORT           USB_IRQHandler                 
[WEAK]
  188 00000030         
  189 00000030         
  190 00000030         WWDG_IRQHandler
  191 00000030         PVD_VDDIO_IRQHandler
  192 00000030         RTC_IRQHandler
  193 00000030         FLASH_IRQHandler
  194 00000030         RCC_IRQHandler
  195 00000030         EXTI0_1_IRQHandler
  196 00000030         EXTI2_3_IRQHandler
  197 00000030         EXTI4_15_IRQHandler
  198 00000030         DMA1_Channel1_IRQHandler
  199 00000030         DMA1_Channel2_3_IRQHandler
  200 00000030         DMA1_Channel4_5_IRQHandler
  201 00000030         ADC1_IRQHandler
  202 00000030         TIM1_BRK_UP_TRG_COM_IRQHandler
  203 00000030         TIM1_CC_IRQHandler
  204 00000030         TIM3_IRQHandler
  205 00000030         TIM6_IRQHandler
  206 00000030         TIM14_IRQHandler
  207 00000030         TIM15_IRQHandler
  208 00000030         TIM16_IRQHandler
  209 00000030         TIM17_IRQHandler
  210 00000030         I2C1_IRQHandler
  211 00000030         I2C2_IRQHandler
  212 00000030         SPI1_IRQHandler
  213 00000030         SPI2_IRQHandler
  214 00000030         USART1_IRQHandler
  215 00000030         USART2_IRQHandler
  216 00000030         USB_IRQHandler
  217 00000030         



ARM Macro Assembler    Page 6 


  218 00000030 E7FE            B                .
  219 00000032         
  220 00000032                 ENDP
  221 00000032         
  222 00000032 00 00           ALIGN
  223 00000034         
  224 00000034         ;*******************************************************
                       ************************
  225 00000034         ; User Stack and Heap initialization
  226 00000034         ;*******************************************************
                       ************************
  227 00000034                 IF               :DEF:__MICROLIB
  234 00000034         
  235 00000034                 IMPORT           __use_two_region_memory
  236 00000034                 EXPORT           __user_initial_stackheap
  237 00000034         
  238 00000034         __user_initial_stackheap
  239 00000034         
  240 00000034 480B            LDR              R0, =  Heap_Mem
  241 00000036 490C            LDR              R1, =(Stack_Mem + Stack_Size)
  242 00000038 4A0C            LDR              R2, = (Heap_Mem +  Heap_Size)
  243 0000003A 4B0D            LDR              R3, = Stack_Mem
  244 0000003C 4770            BX               LR
  245 0000003E         
  246 0000003E 00 00           ALIGN
  247 00000040         
  248 00000040                 ENDIF
  249 00000040         
  250 00000040                 END
              00000000 
              00000004 
              0000001F 
              40021018 
              00000001 
              40010000 
              00000000 
              00000000 
              00000000 
              00000000 
              00001400 
              00000400 
              00000000 
Command Line: --debug --xref --diag_suppress=9931 --cpu=Cortex-M0 --apcs=interw
ork --depend=.\objects\startup_ft32f030x8.d -o.\objects\startup_ft32f030x8.o -I
.\RTE\_FT32F030xx -IH:\Keil_v5\Arm\Packs\ARM\CMSIS\5.8.0\CMSIS\Core\Include -IH
:\Keil_v5\Arm\Packs\FMD\FT32F0xx_DFP\1.0.8\Drivers\CMSIS\FT32F0xx\Include --pre
define="__UVISION_VERSION SETA 536" --predefine="_RTE_ SETA 1" --predefine="FT3
2F030xB SETA 1" --predefine="_RTE_ SETA 1" --list=.\listings\startup_ft32f030x8
.lst ..\CMSIS\startup_ft32f030x8.s



ARM Macro Assembler    Page 1 Alphabetic symbol ordering
Relocatable symbols

STACK 00000000

Symbol: STACK
   Definitions
      At line 13 in file ..\CMSIS\startup_ft32f030x8.s
   Uses
      None
Comment: STACK unused
Stack_Mem 00000000

Symbol: Stack_Mem
   Definitions
      At line 14 in file ..\CMSIS\startup_ft32f030x8.s
   Uses
      At line 241 in file ..\CMSIS\startup_ft32f030x8.s
      At line 243 in file ..\CMSIS\startup_ft32f030x8.s

__initial_sp 00001400

Symbol: __initial_sp
   Definitions
      At line 15 in file ..\CMSIS\startup_ft32f030x8.s
   Uses
      At line 39 in file ..\CMSIS\startup_ft32f030x8.s
      At line 104 in file ..\CMSIS\startup_ft32f030x8.s

3 symbols



ARM Macro Assembler    Page 1 Alphabetic symbol ordering
Relocatable symbols

HEAP 00000000

Symbol: HEAP
   Definitions
      At line 24 in file ..\CMSIS\startup_ft32f030x8.s
   Uses
      None
Comment: HEAP unused
Heap_Mem 00000000

Symbol: Heap_Mem
   Definitions
      At line 26 in file ..\CMSIS\startup_ft32f030x8.s
   Uses
      At line 240 in file ..\CMSIS\startup_ft32f030x8.s
      At line 242 in file ..\CMSIS\startup_ft32f030x8.s

__heap_base 00000000

Symbol: __heap_base
   Definitions
      At line 25 in file ..\CMSIS\startup_ft32f030x8.s
   Uses
      None
Comment: __heap_base unused
__heap_limit 00000400

Symbol: __heap_limit
   Definitions
      At line 27 in file ..\CMSIS\startup_ft32f030x8.s
   Uses
      None
Comment: __heap_limit unused
4 symbols



ARM Macro Assembler    Page 1 Alphabetic symbol ordering
Relocatable symbols

RESET 00000000

Symbol: RESET
   Definitions
      At line 34 in file ..\CMSIS\startup_ft32f030x8.s
   Uses
      None
Comment: RESET unused
__Vectors 00000000

Symbol: __Vectors
   Definitions
      At line 39 in file ..\CMSIS\startup_ft32f030x8.s
   Uses
      At line 35 in file ..\CMSIS\startup_ft32f030x8.s
      At line 92 in file ..\CMSIS\startup_ft32f030x8.s

__Vectors_End 000000C0

Symbol: __Vectors_End
   Definitions
      At line 90 in file ..\CMSIS\startup_ft32f030x8.s
   Uses
      At line 36 in file ..\CMSIS\startup_ft32f030x8.s
      At line 92 in file ..\CMSIS\startup_ft32f030x8.s

3 symbols



ARM Macro Assembler    Page 1 Alphabetic symbol ordering
Relocatable symbols

.text 00000000

Symbol: .text
   Definitions
      At line 94 in file ..\CMSIS\startup_ft32f030x8.s
   Uses
      None
Comment: .text unused
ADC1_IRQHandler 00000030

Symbol: ADC1_IRQHandler
   Definitions
      At line 201 in file ..\CMSIS\startup_ft32f030x8.s
   Uses
      At line 69 in file ..\CMSIS\startup_ft32f030x8.s
      At line 172 in file ..\CMSIS\startup_ft32f030x8.s

ApplicationStart 0000001E

Symbol: ApplicationStart
   Definitions
      At line 128 in file ..\CMSIS\startup_ft32f030x8.s
   Uses
      At line 115 in file ..\CMSIS\startup_ft32f030x8.s
Comment: ApplicationStart used once
DMA1_Channel1_IRQHandler 00000030

Symbol: DMA1_Channel1_IRQHandler
   Definitions
      At line 198 in file ..\CMSIS\startup_ft32f030x8.s
   Uses
      At line 66 in file ..\CMSIS\startup_ft32f030x8.s
      At line 169 in file ..\CMSIS\startup_ft32f030x8.s

DMA1_Channel2_3_IRQHandler 00000030

Symbol: DMA1_Channel2_3_IRQHandler
   Definitions
      At line 199 in file ..\CMSIS\startup_ft32f030x8.s
   Uses
      At line 67 in file ..\CMSIS\startup_ft32f030x8.s
      At line 170 in file ..\CMSIS\startup_ft32f030x8.s

DMA1_Channel4_5_IRQHandler 00000030

Symbol: DMA1_Channel4_5_IRQHandler
   Definitions
      At line 200 in file ..\CMSIS\startup_ft32f030x8.s
   Uses
      At line 68 in file ..\CMSIS\startup_ft32f030x8.s
      At line 171 in file ..\CMSIS\startup_ft32f030x8.s

Default_Handler 00000030

Symbol: Default_Handler
   Definitions
      At line 159 in file ..\CMSIS\startup_ft32f030x8.s
   Uses
      None



ARM Macro Assembler    Page 2 Alphabetic symbol ordering
Relocatable symbols

Comment: Default_Handler unused
EXTI0_1_IRQHandler 00000030

Symbol: EXTI0_1_IRQHandler
   Definitions
      At line 195 in file ..\CMSIS\startup_ft32f030x8.s
   Uses
      At line 62 in file ..\CMSIS\startup_ft32f030x8.s
      At line 166 in file ..\CMSIS\startup_ft32f030x8.s

EXTI2_3_IRQHandler 00000030

Symbol: EXTI2_3_IRQHandler
   Definitions
      At line 196 in file ..\CMSIS\startup_ft32f030x8.s
   Uses
      At line 63 in file ..\CMSIS\startup_ft32f030x8.s
      At line 167 in file ..\CMSIS\startup_ft32f030x8.s

EXTI4_15_IRQHandler 00000030

Symbol: EXTI4_15_IRQHandler
   Definitions
      At line 197 in file ..\CMSIS\startup_ft32f030x8.s
   Uses
      At line 64 in file ..\CMSIS\startup_ft32f030x8.s
      At line 168 in file ..\CMSIS\startup_ft32f030x8.s

FLASH_IRQHandler 00000030

Symbol: FLASH_IRQHandler
   Definitions
      At line 193 in file ..\CMSIS\startup_ft32f030x8.s
   Uses
      At line 60 in file ..\CMSIS\startup_ft32f030x8.s
      At line 164 in file ..\CMSIS\startup_ft32f030x8.s

HardFault_Handler 00000028

Symbol: HardFault_Handler
   Definitions
      At line 142 in file ..\CMSIS\startup_ft32f030x8.s
   Uses
      At line 42 in file ..\CMSIS\startup_ft32f030x8.s
      At line 143 in file ..\CMSIS\startup_ft32f030x8.s

I2C1_IRQHandler 00000030

Symbol: I2C1_IRQHandler
   Definitions
      At line 210 in file ..\CMSIS\startup_ft32f030x8.s
   Uses
      At line 80 in file ..\CMSIS\startup_ft32f030x8.s
      At line 181 in file ..\CMSIS\startup_ft32f030x8.s

I2C2_IRQHandler 00000030

Symbol: I2C2_IRQHandler
   Definitions



ARM Macro Assembler    Page 3 Alphabetic symbol ordering
Relocatable symbols

      At line 211 in file ..\CMSIS\startup_ft32f030x8.s
   Uses
      At line 81 in file ..\CMSIS\startup_ft32f030x8.s
      At line 182 in file ..\CMSIS\startup_ft32f030x8.s

NMI_Handler 00000026

Symbol: NMI_Handler
   Definitions
      At line 137 in file ..\CMSIS\startup_ft32f030x8.s
   Uses
      At line 41 in file ..\CMSIS\startup_ft32f030x8.s
      At line 138 in file ..\CMSIS\startup_ft32f030x8.s

PVD_VDDIO_IRQHandler 00000030

Symbol: PVD_VDDIO_IRQHandler
   Definitions
      At line 191 in file ..\CMSIS\startup_ft32f030x8.s
   Uses
      At line 58 in file ..\CMSIS\startup_ft32f030x8.s
      At line 162 in file ..\CMSIS\startup_ft32f030x8.s

PendSV_Handler 0000002C

Symbol: PendSV_Handler
   Definitions
      At line 150 in file ..\CMSIS\startup_ft32f030x8.s
   Uses
      At line 53 in file ..\CMSIS\startup_ft32f030x8.s
      At line 151 in file ..\CMSIS\startup_ft32f030x8.s

RCC_IRQHandler 00000030

Symbol: RCC_IRQHandler
   Definitions
      At line 194 in file ..\CMSIS\startup_ft32f030x8.s
   Uses
      At line 61 in file ..\CMSIS\startup_ft32f030x8.s
      At line 165 in file ..\CMSIS\startup_ft32f030x8.s

RTC_IRQHandler 00000030

Symbol: RTC_IRQHandler
   Definitions
      At line 192 in file ..\CMSIS\startup_ft32f030x8.s
   Uses
      At line 59 in file ..\CMSIS\startup_ft32f030x8.s
      At line 163 in file ..\CMSIS\startup_ft32f030x8.s

Reset_Handler 00000000

Symbol: Reset_Handler
   Definitions
      At line 97 in file ..\CMSIS\startup_ft32f030x8.s
   Uses
      At line 40 in file ..\CMSIS\startup_ft32f030x8.s
      At line 98 in file ..\CMSIS\startup_ft32f030x8.s




ARM Macro Assembler    Page 4 Alphabetic symbol ordering
Relocatable symbols

SPI1_IRQHandler 00000030

Symbol: SPI1_IRQHandler
   Definitions
      At line 212 in file ..\CMSIS\startup_ft32f030x8.s
   Uses
      At line 82 in file ..\CMSIS\startup_ft32f030x8.s
      At line 183 in file ..\CMSIS\startup_ft32f030x8.s

SPI2_IRQHandler 00000030

Symbol: SPI2_IRQHandler
   Definitions
      At line 213 in file ..\CMSIS\startup_ft32f030x8.s
   Uses
      At line 83 in file ..\CMSIS\startup_ft32f030x8.s
      At line 184 in file ..\CMSIS\startup_ft32f030x8.s

SVC_Handler 0000002A

Symbol: SVC_Handler
   Definitions
      At line 146 in file ..\CMSIS\startup_ft32f030x8.s
   Uses
      At line 50 in file ..\CMSIS\startup_ft32f030x8.s
      At line 147 in file ..\CMSIS\startup_ft32f030x8.s

SysTick_Handler 0000002E

Symbol: SysTick_Handler
   Definitions
      At line 154 in file ..\CMSIS\startup_ft32f030x8.s
   Uses
      At line 54 in file ..\CMSIS\startup_ft32f030x8.s
      At line 155 in file ..\CMSIS\startup_ft32f030x8.s

TIM14_IRQHandler 00000030

Symbol: TIM14_IRQHandler
   Definitions
      At line 206 in file ..\CMSIS\startup_ft32f030x8.s
   Uses
      At line 76 in file ..\CMSIS\startup_ft32f030x8.s
      At line 177 in file ..\CMSIS\startup_ft32f030x8.s

TIM15_IRQHandler 00000030

Symbol: TIM15_IRQHandler
   Definitions
      At line 207 in file ..\CMSIS\startup_ft32f030x8.s
   Uses
      At line 77 in file ..\CMSIS\startup_ft32f030x8.s
      At line 178 in file ..\CMSIS\startup_ft32f030x8.s

TIM16_IRQHandler 00000030

Symbol: TIM16_IRQHandler
   Definitions
      At line 208 in file ..\CMSIS\startup_ft32f030x8.s



ARM Macro Assembler    Page 5 Alphabetic symbol ordering
Relocatable symbols

   Uses
      At line 78 in file ..\CMSIS\startup_ft32f030x8.s
      At line 179 in file ..\CMSIS\startup_ft32f030x8.s

TIM17_IRQHandler 00000030

Symbol: TIM17_IRQHandler
   Definitions
      At line 209 in file ..\CMSIS\startup_ft32f030x8.s
   Uses
      At line 79 in file ..\CMSIS\startup_ft32f030x8.s
      At line 180 in file ..\CMSIS\startup_ft32f030x8.s

TIM1_BRK_UP_TRG_COM_IRQHandler 00000030

Symbol: TIM1_BRK_UP_TRG_COM_IRQHandler
   Definitions
      At line 202 in file ..\CMSIS\startup_ft32f030x8.s
   Uses
      At line 70 in file ..\CMSIS\startup_ft32f030x8.s
      At line 173 in file ..\CMSIS\startup_ft32f030x8.s

TIM1_CC_IRQHandler 00000030

Symbol: TIM1_CC_IRQHandler
   Definitions
      At line 203 in file ..\CMSIS\startup_ft32f030x8.s
   Uses
      At line 71 in file ..\CMSIS\startup_ft32f030x8.s
      At line 174 in file ..\CMSIS\startup_ft32f030x8.s

TIM3_IRQHandler 00000030

Symbol: TIM3_IRQHandler
   Definitions
      At line 204 in file ..\CMSIS\startup_ft32f030x8.s
   Uses
      At line 73 in file ..\CMSIS\startup_ft32f030x8.s
      At line 175 in file ..\CMSIS\startup_ft32f030x8.s

TIM6_IRQHandler 00000030

Symbol: TIM6_IRQHandler
   Definitions
      At line 205 in file ..\CMSIS\startup_ft32f030x8.s
   Uses
      At line 74 in file ..\CMSIS\startup_ft32f030x8.s
      At line 176 in file ..\CMSIS\startup_ft32f030x8.s

USART1_IRQHandler 00000030

Symbol: USART1_IRQHandler
   Definitions
      At line 214 in file ..\CMSIS\startup_ft32f030x8.s
   Uses
      At line 84 in file ..\CMSIS\startup_ft32f030x8.s
      At line 185 in file ..\CMSIS\startup_ft32f030x8.s

USART2_IRQHandler 00000030



ARM Macro Assembler    Page 6 Alphabetic symbol ordering
Relocatable symbols


Symbol: USART2_IRQHandler
   Definitions
      At line 215 in file ..\CMSIS\startup_ft32f030x8.s
   Uses
      At line 85 in file ..\CMSIS\startup_ft32f030x8.s
      At line 186 in file ..\CMSIS\startup_ft32f030x8.s

USB_IRQHandler 00000030

Symbol: USB_IRQHandler
   Definitions
      At line 216 in file ..\CMSIS\startup_ft32f030x8.s
   Uses
      At line 88 in file ..\CMSIS\startup_ft32f030x8.s
      At line 187 in file ..\CMSIS\startup_ft32f030x8.s

WWDG_IRQHandler 00000030

Symbol: WWDG_IRQHandler
   Definitions
      At line 190 in file ..\CMSIS\startup_ft32f030x8.s
   Uses
      At line 57 in file ..\CMSIS\startup_ft32f030x8.s
      At line 161 in file ..\CMSIS\startup_ft32f030x8.s

__user_initial_stackheap 00000034

Symbol: __user_initial_stackheap
   Definitions
      At line 238 in file ..\CMSIS\startup_ft32f030x8.s
   Uses
      At line 236 in file ..\CMSIS\startup_ft32f030x8.s
Comment: __user_initial_stackheap used once
37 symbols



ARM Macro Assembler    Page 1 Alphabetic symbol ordering
Absolute symbols

Heap_Size 00000400

Symbol: Heap_Size
   Definitions
      At line 22 in file ..\CMSIS\startup_ft32f030x8.s
   Uses
      At line 26 in file ..\CMSIS\startup_ft32f030x8.s
      At line 242 in file ..\CMSIS\startup_ft32f030x8.s

Stack_Size 00001400

Symbol: Stack_Size
   Definitions
      At line 11 in file ..\CMSIS\startup_ft32f030x8.s
   Uses
      At line 14 in file ..\CMSIS\startup_ft32f030x8.s
      At line 241 in file ..\CMSIS\startup_ft32f030x8.s

__Vectors_Size 000000C0

Symbol: __Vectors_Size
   Definitions
      At line 92 in file ..\CMSIS\startup_ft32f030x8.s
   Uses
      At line 37 in file ..\CMSIS\startup_ft32f030x8.s
Comment: __Vectors_Size used once
3 symbols



ARM Macro Assembler    Page 1 Alphabetic symbol ordering
External symbols

SystemInit 00000000

Symbol: SystemInit
   Definitions
      At line 100 in file ..\CMSIS\startup_ft32f030x8.s
   Uses
      At line 129 in file ..\CMSIS\startup_ft32f030x8.s
Comment: SystemInit used once
__main 00000000

Symbol: __main
   Definitions
      At line 99 in file ..\CMSIS\startup_ft32f030x8.s
   Uses
      At line 131 in file ..\CMSIS\startup_ft32f030x8.s
Comment: __main used once
__use_two_region_memory 00000000

Symbol: __use_two_region_memory
   Definitions
      At line 235 in file ..\CMSIS\startup_ft32f030x8.s
   Uses
      None
Comment: __use_two_region_memory unused
3 symbols
390 symbols in table
